<?xml version="1.0" encoding="UTF-8"?>
<testsuite xmlns:xsi="http://www.w3.org/2001/XMLSchema-instance" xsi:noNamespaceSchemaLocation="https://maven.apache.org/surefire/maven-surefire-plugin/xsd/surefire-test-report.xsd" name="payroll.EmployeeControllerTests" time="59.634" tests="3" errors="0" skipped="0" failures="1">
  <properties>
[...]
</properties>
  <testcase name="getEmployees_Test_1" classname="payroll.EmployeeControllerTests" time="1.979"/>
  <testcase name="getEmployees_Test_2" classname="payroll.EmployeeControllerTests" time="0.457">
    <failure message="No value at JSON path &quot;$._embedded.employeeList[0].id&quot;" type="java.lang.AssertionError">java.lang.AssertionError: No value at JSON path "$._embedded.employeeList[0].id"
	at payroll.EmployeeControllerTests.getEmployees_Test_2(EmployeeControllerTests.java:45)
Caused by: com.jayway.jsonpath.PathNotFoundException: Missing property in path $['_embedded']
	at payroll.EmployeeControllerTests.getEmployees_Test_2(EmployeeControllerTests.java:45)
</failure>
    <system-out><![CDATA[2019-10-24 12:37:01.778  INFO 7048 --- [           main] o.s.b.t.m.w.SpringBootMockServletContext : Initializing Spring TestDispatcherServlet ''
2019-10-24 12:37:01.789  INFO 7048 --- [           main] o.s.t.web.servlet.TestDispatcherServlet  : Initializing Servlet ''
2019-10-24 12:37:01.868  INFO 7048 --- [           main] o.s.t.web.servlet.TestDispatcherServlet  : Completed initialization in 71 ms

MockHttpServletRequest:
      HTTP Method = GET
      Request URI = /employees
       Parameters = {}
          Headers = [Accept:"application/hal+json"]
             Body = <no character encoding set>
    Session Attrs = {}

Handler:
             Type = payroll.EmployeeController
           Method = org.springframework.hateoas.Resources<org.springframework.hateoas.Resource<payroll.Employee>> payroll.EmployeeController.all()

Async:
    Async started = false
     Async result = null

Resolved Exception:
             Type = null

ModelAndView:
        View name = null
             View = null
            Model = null

FlashMap:
       Attributes = null

MockHttpServletResponse:
           Status = 200
    Error message = null
          Headers = [Content-Type:"application/hal+json;charset=UTF-8"]
     Content type = application/hal+json;charset=UTF-8
             Body = {"_links":{"self":{"href":"http://localhost/employees"}}}
    Forwarded URL = null
   Redirected URL = null
          Cookies = []
]]></system-out>
  </testcase>
  <testcase name="getEmployees_Test_3" classname="payroll.EmployeeControllerTests" time="0.402"/>
</testsuite>